<?xml version="1.0" encoding="UTF-8"?>
<!-- Generated by org.testng.reporters.JUnitReportReporter -->
<testsuite skipped="0" hostname="PEARSONML-T3CKMD6" name="com.inetbanking.testCases.TC_LoginTest_001" tests="1" failures="0" timestamp="2022-01-26T17:24:12 PST" time="1.305" errors="0">
  <testcase name="loginTest" time="1.305" classname="com.inetbanking.testCases.TC_LoginTest_001"/>
  <system-out/>
</testsuite> <!-- com.inetbanking.testCases.TC_LoginTest_001 -->
